<?xml version="1.0" encoding="UTF-8"?>
<!-- Generated by org.testng.reporters.JUnitReportReporter -->
<testsuite hostname="LAPTOP-HSO9PT25" failures="0" tests="1" name="Testng.Actionprgm" time="0.606" errors="0" timestamp="2024-10-27T12:47:37 IST" skipped="0">
  <testcase classname="Testng.Actionprgm" name="test1" time="0.606"/>
  <system-out/>
</testsuite> <!-- Testng.Actionprgm -->
