<?xml version="1.0" encoding="UTF-8"?>
<!-- Generated by org.testng.reporters.JUnitReportReporter -->
<testsuite hostname="LAPTOP-HSO9PT25" failures="0" tests="4" name="Testng.Testngdemo" time="0.023" errors="0" timestamp="2024-08-16T15:41:39 IST" skipped="0">
  <testcase classname="Testng.Testngdemo" name="test3" time="0.014"/>
  <system-out/>
  <testcase classname="Testng.Testngdemo" name="test2" time="0.003"/>
  <system-out/>
  <testcase classname="Testng.Testngdemo" name="test2" time="0.002"/>
  <system-out/>
  <testcase classname="Testng.Testngdemo" name="test1" time="0.004"/>
  <system-out/>
</testsuite> <!-- Testng.Testngdemo -->
