<?xml version="1.0" encoding="UTF-8"?>
<!-- Generated by org.testng.reporters.JUnitReportReporter -->
<testsuite hostname="LAPTOP-HSO9PT25" failures="0" tests="1" name="Testng.Notificationpgm" time="2.260" errors="0" timestamp="2024-08-29T14:51:27 IST" skipped="0">
  <testcase classname="Testng.Notificationpgm" name="url" time="2.260"/>
  <system-out/>
</testsuite> <!-- Testng.Notificationpgm -->
