<?xml version="1.0" encoding="UTF-8"?>
<!-- Generated by org.testng.reporters.JUnitReportReporter -->
<testsuite hostname="LAPTOP-HSO9PT25" failures="0" tests="1" name="Testng.Fileuploadpgm" time="3.402" errors="0" timestamp="2024-08-21T12:34:21 IST" skipped="0">
  <testcase classname="Testng.Fileuploadpgm" name="test1" time="3.402"/>
  <system-out/>
</testsuite> <!-- Testng.Fileuploadpgm -->
