<?xml version="1.0" encoding="UTF-8"?>
<!-- Generated by org.testng.reporters.JUnitReportReporter -->
<testsuite hostname="LAPTOP-HSO9PT25" failures="0" tests="1" name="Testng.Amazonhw" time="31.948" errors="0" timestamp="2024-09-07T10:27:45 IST" skipped="0">
  <testcase classname="Testng.Amazonhw" name="test1" time="31.948"/>
  <system-out/>
</testsuite> <!-- Testng.Amazonhw -->
