<?xml version="1.0" encoding="UTF-8"?>
<!-- Generated by org.testng.reporters.JUnitReportReporter -->
<testsuite hostname="LAPTOP-HSO9PT25" failures="0" tests="1" name="test.pgmdemotest" time="3.239" errors="0" timestamp="2024-08-26T15:27:18 IST" skipped="0">
  <testcase classname="test.pgmdemotest" name="testlogin" time="3.239"/>
  <system-out/>
</testsuite> <!-- test.pgmdemotest -->
