<?xml version="1.0" encoding="UTF-8"?>
<!-- Generated by org.testng.reporters.JUnitReportReporter -->
<testsuite hostname="LAPTOP-HSO9PT25" failures="0" tests="1" name="Testng.Herbalsite" time="42.279" errors="0" timestamp="2024-09-07T10:25:03 IST" skipped="0">
  <testcase classname="Testng.Herbalsite" name="test" time="42.279"/>
  <system-out/>
</testsuite> <!-- Testng.Herbalsite -->
