<?xml version="1.0" encoding="UTF-8"?>
<!-- Generated by org.testng.reporters.JUnitReportReporter -->
<testsuite hostname="LAPTOP-HSO9PT25" failures="0" tests="1" name="Testng.Swaglabstask" time="9.190" errors="0" timestamp="2024-09-07T09:57:43 IST" skipped="0">
  <testcase classname="Testng.Swaglabstask" name="test1" time="9.190"/>
  <system-out/>
</testsuite> <!-- Testng.Swaglabstask -->
