<?xml version="1.0" encoding="UTF-8"?>
<!-- Generated by org.testng.reporters.JUnitReportReporter -->
<testsuite hostname="LAPTOP-HSO9PT25" failures="0" tests="1" name="Testng.Actionpgm12" time="24.382" errors="0" timestamp="2024-08-20T15:55:00 IST" skipped="0">
  <testcase classname="Testng.Actionpgm12" name="test1" time="24.382"/>
  <system-out/>
</testsuite> <!-- Testng.Actionpgm12 -->
