<?xml version="1.0" encoding="UTF-8"?>
<!-- Generated by org.testng.reporters.JUnitReportReporter -->
<testsuite hostname="LAPTOP-HSO9PT25" failures="0" tests="1" name="Testng.datadrivenTest" time="15.261" errors="0" timestamp="2024-08-23T15:53:27 IST" skipped="0">
  <testcase classname="Testng.datadrivenTest" name="main" time="15.261"/>
  <system-out/>
</testsuite> <!-- Testng.datadrivenTest -->
