<?xml version="1.0" encoding="UTF-8"?>
<!-- Generated by org.testng.reporters.JUnitReportReporter -->
<testsuite hostname="LAPTOP-HSO9PT25" failures="0" tests="1" name="Testng.Actionalertpgm" time="5.191" errors="0" timestamp="2024-09-02T09:21:46 IST" skipped="0">
  <testcase classname="Testng.Actionalertpgm" name="test1" time="5.191"/>
  <system-out/>
</testsuite> <!-- Testng.Actionalertpgm -->
