<?xml version="1.0" encoding="UTF-8"?>
<!-- Generated by org.testng.reporters.JUnitReportReporter -->
<testsuite hostname="LAPTOP-HSO9PT25" failures="0" tests="4" name="Testng.TestngGrouping" time="0.031" errors="0" timestamp="2024-08-19T14:43:20 IST" skipped="0">
  <testcase classname="Testng.TestngGrouping" name="main4" time="0.002"/>
  <system-out/>
  <testcase classname="Testng.TestngGrouping" name="main2" time="0.002"/>
  <system-out/>
  <testcase classname="Testng.TestngGrouping" name="main1" time="0.022"/>
  <system-out/>
  <testcase classname="Testng.TestngGrouping" name="main3" time="0.005"/>
  <system-out/>
</testsuite> <!-- Testng.TestngGrouping -->
