<?xml version="1.0" encoding="UTF-8"?>
<!-- Generated by org.testng.reporters.JUnitReportReporter -->
<testsuite hostname="LAPTOP-HSO9PT25" failures="0" tests="1" name="Testng.scrolldown" time="17.372" errors="0" timestamp="2024-08-29T14:49:32 IST" skipped="0">
  <testcase classname="Testng.scrolldown" name="test" time="17.372"/>
  <system-out/>
</testsuite> <!-- Testng.scrolldown -->
