<?xml version="1.0" encoding="UTF-8"?>
<!-- Generated by org.testng.reporters.JUnitReportReporter -->
<testsuite hostname="LAPTOP-HSO9PT25" failures="0" tests="1" name="Testng.parametertest" time="0.019" errors="0" timestamp="2024-08-20T14:30:57 IST" skipped="0">
  <testcase classname="Testng.parametertest" name="main" time="0.019"/>
  <system-out/>
</testsuite> <!-- Testng.parametertest -->
